[INFO] Scanning for projects...
[INFO]                                                                         
[INFO] ------------------------------------------------------------------------
[INFO] Building tracker 1.0
[INFO] ------------------------------------------------------------------------
[INFO] 
[INFO] --- maven-resources-plugin:2.6:resources (default-resources) @ tracker ---
[INFO] Using 'UTF-8' encoding to copy filtered resources.
[INFO] skip non existing resourceDirectory C:\projects\Tracker\src\main\resources
[INFO] 
[INFO] --- maven-compiler-plugin:3.1:compile (default-compile) @ tracker ---
[INFO] Changes detected - recompiling the module!
[INFO] Compiling 3 source files to C:\projects\Tracker\target\classes
[INFO] 
[INFO] --- maven-resources-plugin:2.6:testResources (default-testResources) @ tracker ---
[INFO] Using 'UTF-8' encoding to copy filtered resources.
[INFO] skip non existing resourceDirectory C:\projects\Tracker\src\test\resources
[INFO] 
[INFO] --- maven-compiler-plugin:3.1:testCompile (default-testCompile) @ tracker ---
[INFO] Nothing to compile - all classes are up to date
[INFO] 
[INFO] --- maven-surefire-plugin:2.12.4:test (default-test) @ tracker ---
[INFO] Surefire report directory: C:\projects\Tracker\target\surefire-reports

-------------------------------------------------------
 T E S T S
-------------------------------------------------------
Running ru.job4j.start.TrackerTest
Tests run: 7, Failures: 0, Errors: 0, Skipped: 0, Time elapsed: 0.126 sec

Results :

Tests run: 7, Failures: 0, Errors: 0, Skipped: 0

[INFO] 
[INFO] --- maven-jar-plugin:2.4:jar (default-jar) @ tracker ---
[INFO] Building jar: C:\projects\Tracker\target\tracker-1.0.jar
[INFO] 
[INFO] --- maven-shade-plugin:2.4.3:shade (default) @ tracker ---
[INFO] Replacing original artifact with shaded artifact.
[INFO] Replacing C:\projects\Tracker\target\tracker-1.0.jar with C:\projects\Tracker\target\tracker-1.0-shaded.jar
[INFO] ------------------------------------------------------------------------
[INFO] BUILD SUCCESS
[INFO] ------------------------------------------------------------------------
[INFO] Total time: 4.342 s
[INFO] Finished at: 2016-12-17T11:40:45+05:00
[INFO] Final Memory: 16M/125M
[INFO] ------------------------------------------------------------------------
